<?xml version="1.0" encoding="utf-8"?>
<coverage line-rate="0.5247999999999999" branch-rate="0.8534999999999999" version="1.9" timestamp="1780516659" lines-covered="517" lines-valid="985" branches-covered="169" branches-valid="198">
  <sources>
    <source>C:\Users\alpha\Documents\ws\woistes\git\src\</source>
  </sources>
  <packages>
    <package name="Woistes.CtfParser" line-rate="0.9727" branch-rate="0.8426" complexity="190">
      <classes>
        <class name="Woistes.CtfParser.CtfFileParser" filename="Woistes.CtfParser\CtfFileParser.cs" line-rate="0.9719" branch-rate="0.8390000000000001" complexity="183">
          <methods>
            <method name="Parse" signature="(System.IO.Stream,System.String)" line-rate="1" branch-rate="1" complexity="6">
              <lines>
                <line number="41" hits="8" branch="False" />
                <line number="42" hits="8" branch="False" />
                <line number="43" hits="8" branch="False" />
                <line number="45" hits="8" branch="False" />
                <line number="46" hits="8" branch="False" />
                <line number="48" hits="8" branch="False" />
                <line number="49" hits="8" branch="False" />
                <line number="50" hits="8" branch="False" />
                <line number="51" hits="8" branch="False" />
                <line number="52" hits="8" branch="False" />
                <line number="53" hits="8" branch="False" />
                <line number="55" hits="8" branch="False" />
                <line number="57" hits="80" branch="True" condition-coverage="100% (4/4)">
                  <conditions>
                    <condition number="252" type="jump" coverage="100%" />
                    <condition number="232" type="jump" coverage="100%" />
                  </conditions>
                </line>
                <line number="58" hits="32" branch="False" />
                <line number="59" hits="32" branch="False" />
                <line number="60" hits="32" branch="True" condition-coverage="100% (2/2)">
                  <conditions>
                    <condition number="116" type="jump" coverage="100%" />
                  </conditions>
                </line>
                <line number="61" hits="32" branch="False" />
                <line number="62" hits="32" branch="False" />
                <line number="64" hits="32" branch="False" />
                <line number="65" hits="32" branch="False" />
                <line number="66" hits="32" branch="False" />
                <line number="67" hits="32" branch="False" />
                <line number="68" hits="32" branch="False" />
                <line number="69" hits="32" branch="False" />
                <line number="71" hits="32" branch="False" />
                <line number="72" hits="32" branch="False" />
                <line number="73" hits="32" branch="False" />
                <line number="75" hits="369976" branch="False" />
                <line number="76" hits="369976" branch="False" />
                <line number="78" hits="8" branch="False" />
                <line number="79" hits="8" branch="False" />
              </lines>
            </method>
            <method name="ParseDiskSection" signature="(System.Byte[],System.Int32,System.Int32,Woistes.Domain.Disk)" line-rate="1" branch-rate="0.5" complexity="4">
              <lines>
                <line number="82" hits="32" branch="False" />
                <line number="85" hits="32" branch="False" />
                <line number="86" hits="32" branch="True" condition-coverage="50% (1/2)">
                  <conditions>
                    <condition number="12" type="jump" coverage="50%" />
                  </conditions>
                </line>
                <line number="88" hits="32" branch="False" />
                <line number="89" hits="32" branch="True" condition-coverage="50% (1/2)">
                  <conditions>
                    <condition number="30" type="jump" coverage="50%" />
                  </conditions>
                </line>
                <line number="90" hits="32" branch="False" />
                <line number="91" hits="32" branch="False" />
                <line number="93" hits="32" branch="False" />
                <line number="94" hits="32" branch="False" />
              </lines>
            </method>
            <method name="ReadFileEntries" signature="(System.Byte[],System.Int32,System.Int32)" line-rate="0.9459000000000001" branch-rate="0.9229999999999999" complexity="26">
              <lines>
                <line number="99" hits="32" branch="False" />
                <line number="100" hits="32" branch="False" />
                <line number="101" hits="32" branch="False" />
                <line number="102" hits="32" branch="True" condition-coverage="50% (1/2)">
                  <conditions>
                    <condition number="22" type="jump" coverage="50%" />
                  </conditions>
                </line>
                <line number="103" hits="0" branch="False" />
                <line number="105" hits="358472" branch="True" condition-coverage="100% (2/2)">
                  <conditions>
                    <condition number="289" type="jump" coverage="100%" />
                  </conditions>
                </line>
                <line number="106" hits="358440" branch="False" />
                <line number="107" hits="358440" branch="False" />
                <line number="108" hits="358440" branch="True" condition-coverage="100% (6/6)">
                  <conditions>
                    <condition number="50" type="jump" coverage="100%" />
                    <condition number="56" type="jump" coverage="100%" />
                    <condition number="72" type="jump" coverage="100%" />
                  </conditions>
                </line>
                <line number="109" hits="345016" branch="False" />
                <line number="110" hits="345016" branch="False" />
                <line number="111" hits="345016" branch="False" />
                <line number="112" hits="345016" branch="False" />
                <line number="113" hits="13424" branch="True" condition-coverage="100% (4/4)">
                  <conditions>
                    <condition number="104" type="jump" coverage="100%" />
                    <condition number="120" type="jump" coverage="100%" />
                  </conditions>
                </line>
                <line number="114" hits="7952" branch="False" />
                <line number="115" hits="7952" branch="False" />
                <line number="116" hits="7952" branch="False" />
                <line number="117" hits="7952" branch="False" />
                <line number="118" hits="5472" branch="True" condition-coverage="100% (4/4)">
                  <conditions>
                    <condition number="152" type="jump" coverage="100%" />
                    <condition number="168" type="jump" coverage="100%" />
                  </conditions>
                </line>
                <line number="119" hits="5384" branch="False" />
                <line number="120" hits="5384" branch="False" />
                <line number="121" hits="5384" branch="False" />
                <line number="122" hits="5384" branch="False" />
                <line number="123" hits="88" branch="True" condition-coverage="100% (4/4)">
                  <conditions>
                    <condition number="197" type="jump" coverage="100%" />
                    <condition number="213" type="jump" coverage="100%" />
                  </conditions>
                </line>
                <line number="124" hits="72" branch="False" />
                <line number="125" hits="72" branch="False" />
                <line number="126" hits="72" branch="False" />
                <line number="127" hits="72" branch="False" />
                <line number="129" hits="16" branch="False" />
                <line number="130" hits="16" branch="False" />
                <line number="131" hits="16" branch="True" condition-coverage="75% (3/4)">
                  <conditions>
                    <condition number="254" type="jump" coverage="50%" />
                    <condition number="268" type="jump" coverage="100%" />
                  </conditions>
                </line>
                <line number="132" hits="16" branch="False" />
                <line number="134" hits="0" branch="False" />
                <line number="135" hits="16" branch="False" />
                <line number="136" hits="358440" branch="False" />
                <line number="138" hits="32" branch="False" />
                <line number="139" hits="32" branch="False" />
              </lines>
            </method>
            <method name="ReadDirectoryRecords" signature="(System.Byte[],System.Int32,System.Int32)" line-rate="1" branch-rate="1" complexity="4">
              <lines>
                <line number="144" hits="32" branch="False" />
                <line number="145" hits="32" branch="False" />
                <line number="146" hits="32" branch="False" />
                <line number="148" hits="20472" branch="True" condition-coverage="100% (2/2)">
                  <conditions>
                    <condition number="57" type="jump" coverage="100%" />
                  </conditions>
                </line>
                <line number="149" hits="20440" branch="False" />
                <line number="150" hits="20440" branch="True" condition-coverage="100% (2/2)">
                  <conditions>
                    <condition number="27" type="jump" coverage="100%" />
                  </conditions>
                </line>
                <line number="151" hits="11512" branch="False" />
                <line number="152" hits="11512" branch="False" />
                <line number="153" hits="11512" branch="False" />
                <line number="154" hits="11512" branch="False" />
                <line number="156" hits="8928" branch="False" />
                <line number="157" hits="8928" branch="False" />
                <line number="159" hits="32" branch="False" />
                <line number="160" hits="32" branch="False" />
              </lines>
            </method>
            <method name="TryReadDirRecord" signature="(System.Byte[],System.Int32,Woistes.CtfParser.CtfFileParser/DirRecord&amp;,System.Int32&amp;)" line-rate="1" branch-rate="0.7306999999999999" complexity="26">
              <lines>
                <line number="169" hits="12734648" branch="False" />
                <line number="170" hits="12734648" branch="False" />
                <line number="171" hits="12734648" branch="False" />
                <line number="173" hits="12734648" branch="True" condition-coverage="50% (1/2)">
                  <conditions>
                    <condition number="19" type="jump" coverage="50%" />
                  </conditions>
                </line>
                <line number="174" hits="25445192" branch="True" condition-coverage="100% (6/6)">
                  <conditions>
                    <condition number="33" type="jump" coverage="100%" />
                    <condition number="40" type="jump" coverage="100%" />
                    <condition number="57" type="jump" coverage="100%" />
                  </conditions>
                </line>
                <line number="175" hits="36592" branch="True" condition-coverage="100% (2/2)">
                  <conditions>
                    <condition number="91" type="jump" coverage="100%" />
                  </conditions>
                </line>
                <line number="177" hits="11616" branch="False" />
                <line number="178" hits="11616" branch="True" condition-coverage="50% (2/4)">
                  <conditions>
                    <condition number="109" type="jump" coverage="50%" />
                    <condition number="123" type="jump" coverage="50%" />
                  </conditions>
                </line>
                <line number="180" hits="11616" branch="False" />
                <line number="181" hits="11656" branch="True" condition-coverage="75% (3/4)">
                  <conditions>
                    <condition number="149" type="jump" coverage="50%" />
                    <condition number="166" type="jump" coverage="100%" />
                  </conditions>
                </line>
                <line number="183" hits="11576" branch="False" />
                <line number="184" hits="11576" branch="True" condition-coverage="50% (1/2)">
                  <conditions>
                    <condition number="194" type="jump" coverage="50%" />
                  </conditions>
                </line>
                <line number="187" hits="432048" branch="True" condition-coverage="100% (2/2)">
                  <conditions>
                    <condition number="242" type="jump" coverage="100%" />
                  </conditions>
                </line>
                <line number="188" hits="204448" branch="True" condition-coverage="50% (1/2)">
                  <conditions>
                    <condition number="220" type="jump" coverage="50%" />
                  </conditions>
                </line>
                <line number="190" hits="11576" branch="False" />
                <line number="191" hits="11576" branch="False" />
                <line number="192" hits="11576" branch="False" />
                <line number="194" hits="11576" branch="True" condition-coverage="50% (1/2)">
                  <conditions>
                    <condition number="284" type="jump" coverage="50%" />
                  </conditions>
                </line>
                <line number="195" hits="11576" branch="False" />
                <line number="196" hits="11576" branch="False" />
                <line number="197" hits="12734648" branch="False" />
              </lines>
            </method>
            <method name="FindDirectoryBlockStart" signature="(System.Byte[],System.Int32,System.Int32)" line-rate="0.909" branch-rate="0.875" complexity="8">
              <lines>
                <line number="206" hits="32" branch="False" />
                <line number="207" hits="25428352" branch="True" condition-coverage="50% (1/2)">
                  <conditions>
                    <condition number="62" type="jump" coverage="50%" />
                  </conditions>
                </line>
                <line number="208" hits="12714176" branch="False" />
                <line number="209" hits="12714176" branch="True" condition-coverage="100% (6/6)">
                  <conditions>
                    <condition number="17" type="jump" coverage="100%" />
                    <condition number="21" type="jump" coverage="100%" />
                    <condition number="39" type="jump" coverage="100%" />
                  </conditions>
                </line>
                <line number="210" hits="12714176" branch="False" />
                <line number="211" hits="12714176" branch="False" />
                <line number="212" hits="32" branch="False" />
                <line number="213" hits="32" branch="False" />
                <line number="215" hits="12714144" branch="False" />
                <line number="216" hits="0" branch="False" />
                <line number="217" hits="32" branch="False" />
              </lines>
            </method>
            <method name="BuildTree" signature="(Woistes.Domain.Disk,System.Collections.Generic.List`1&lt;Woistes.Domain.CatalogueEntry&gt;,System.Collections.Generic.List`1&lt;Woistes.CtfParser.CtfFileParser/DirRecord&gt;)" line-rate="1" branch-rate="1" complexity="12">
              <lines>
                <line number="228" hits="32" branch="False" />
                <line number="230" hits="11544" branch="False" />
                <line number="231" hits="32" branch="False" />
                <line number="232" hits="32" branch="False" />
                <line number="234" hits="32" branch="False" />
                <line number="235" hits="1360" branch="True" condition-coverage="100% (2/2)">
                  <conditions>
                    <condition number="133" type="jump" coverage="100%" />
                  </conditions>
                </line>
                <line number="236" hits="648" branch="False" />
                <line number="237" hits="648" branch="False" />
                <line number="238" hits="648" branch="False" />
                <line number="239" hits="648" branch="False" />
                <line number="240" hits="648" branch="False" />
                <line number="243" hits="32" branch="False" />
                <line number="245" hits="23120" branch="True" condition-coverage="100% (2/2)">
                  <conditions>
                    <condition number="495" type="jump" coverage="100%" />
                  </conditions>
                </line>
                <line number="246" hits="11512" branch="False" />
                <line number="247" hits="11512" branch="False" />
                <line number="249" hits="22968" branch="True" condition-coverage="100% (4/4)">
                  <conditions>
                    <condition number="242" type="jump" coverage="100%" />
                    <condition number="210" type="jump" coverage="100%" />
                  </conditions>
                </line>
                <line number="250" hits="11456" branch="False" />
                <line number="252" hits="11512" branch="True" condition-coverage="100% (2/2)">
                  <conditions>
                    <condition number="257" type="jump" coverage="100%" />
                  </conditions>
                </line>
                <line number="253" hits="11416" branch="False" />
                <line number="254" hits="11416" branch="False" />
                <line number="255" hits="11416" branch="False" />
                <line number="256" hits="11416" branch="False" />
                <line number="258" hits="96" branch="False" />
                <line number="259" hits="96" branch="False" />
                <line number="260" hits="96" branch="False" />
                <line number="261" hits="96" branch="False" />
                <line number="263" hits="11512" branch="False" />
                <line number="264" hits="738576" branch="True" condition-coverage="100% (2/2)">
                  <conditions>
                    <condition number="464" type="jump" coverage="100%" />
                  </conditions>
                </line>
                <line number="265" hits="357776" branch="False" />
                <line number="266" hits="357776" branch="False" />
                <line number="267" hits="357776" branch="False" />
                <line number="268" hits="357776" branch="False" />
                <line number="269" hits="357776" branch="False" />
                <line number="271" hits="11512" branch="False" />
                <line number="272" hits="11512" branch="False" />
                <line number="273" hits="32" branch="False" />
              </lines>
            </method>
            <method name="FindFirstFileEntry" signature="(System.Byte[],System.Int32,System.Int32)" line-rate="0.8332999999999999" branch-rate="0.7" complexity="10">
              <lines>
                <line number="278" hits="32" branch="False" />
                <line number="279" hits="32" branch="False" />
                <line number="280" hits="4544" branch="True" condition-coverage="50% (1/2)">
                  <conditions>
                    <condition number="101" type="jump" coverage="50%" />
                  </conditions>
                </line>
                <line number="281" hits="2272" branch="False" />
                <line number="282" hits="4512" branch="True" condition-coverage="100% (2/2)">
                  <conditions>
                    <condition number="34" type="jump" coverage="100%" />
                  </conditions>
                </line>
                <line number="284" hits="32" branch="False" />
                <line number="285" hits="32" branch="True" condition-coverage="75% (3/4)">
                  <conditions>
                    <condition number="48" type="jump" coverage="50%" />
                    <condition number="66" type="jump" coverage="100%" />
                  </conditions>
                </line>
                <line number="286" hits="32" branch="True" condition-coverage="50% (1/2)">
                  <conditions>
                    <condition number="81" type="jump" coverage="50%" />
                  </conditions>
                </line>
                <line number="287" hits="32" branch="False" />
                <line number="288" hits="0" branch="False" />
                <line number="289" hits="0" branch="False" />
                <line number="290" hits="32" branch="False" />
              </lines>
            </method>
            <method name="TryResync" signature="(System.Byte[],System.Int32,System.Int32)" line-rate="0.9229999999999999" branch-rate="0.7" complexity="10">
              <lines>
                <line number="293" hits="16" branch="False" />
                <line number="294" hits="16" branch="False" />
                <line number="295" hits="2208" branch="True" condition-coverage="50% (1/2)">
                  <conditions>
                    <condition number="87" type="jump" coverage="50%" />
                  </conditions>
                </line>
                <line number="296" hits="1104" branch="False" />
                <line number="297" hits="1104" branch="True" condition-coverage="100% (2/2)">
                  <conditions>
                    <condition number="31" type="jump" coverage="100%" />
                  </conditions>
                </line>
                <line number="298" hits="24" branch="False" />
                <line number="299" hits="24" branch="False" />
                <line number="300" hits="24" branch="True" condition-coverage="66.66% (4/6)">
                  <conditions>
                    <condition number="44" type="jump" coverage="50%" />
                    <condition number="50" type="jump" coverage="50%" />
                    <condition number="66" type="jump" coverage="100%" />
                  </conditions>
                </line>
                <line number="301" hits="16" branch="False" />
                <line number="302" hits="8" branch="False" />
                <line number="303" hits="1088" branch="False" />
                <line number="304" hits="0" branch="False" />
                <line number="305" hits="16" branch="False" />
              </lines>
            </method>
            <method name="SkipOneEntry" signature="(System.Byte[],System.Int32)" line-rate="1" branch-rate="0.5" complexity="4">
              <lines>
                <line number="308" hits="56" branch="False" />
                <line number="309" hits="56" branch="True" condition-coverage="50% (1/2)">
                  <conditions>
                    <condition number="14" type="jump" coverage="50%" />
                  </conditions>
                </line>
                <line number="310" hits="56" branch="False" />
                <line number="311" hits="56" branch="False" />
                <line number="312" hits="56" branch="False" />
                <line number="313" hits="56" branch="True" condition-coverage="50% (1/2)">
                  <conditions>
                    <condition number="50" type="jump" coverage="50%" />
                  </conditions>
                </line>
                <line number="314" hits="56" branch="False" />
                <line number="315" hits="56" branch="False" />
              </lines>
            </method>
            <method name="MetaSize" signature="(System.UInt16)" line-rate="0.7777" branch-rate="0.8332999999999999" complexity="12">
              <lines>
                <line number="317" hits="3488" branch="True" condition-coverage="83.33% (10/12)">
                  <conditions>
                    <condition number="7" type="jump" coverage="100%" />
                    <condition number="12" type="jump" coverage="100%" />
                    <condition number="26" type="jump" coverage="50%" />
                    <condition number="33" type="jump" coverage="100%" />
                    <condition number="19" type="jump" coverage="100%" />
                    <condition number="40" type="jump" coverage="50%" />
                  </conditions>
                </line>
                <line number="318" hits="3488" branch="False" />
                <line number="319" hits="128" branch="False" />
                <line number="320" hits="0" branch="False" />
                <line number="321" hits="0" branch="False" />
                <line number="322" hits="24" branch="False" />
                <line number="323" hits="8" branch="False" />
                <line number="324" hits="3328" branch="False" />
                <line number="325" hits="3488" branch="False" />
              </lines>
            </method>
            <method name="IsFileMarker" signature="(System.Byte[],System.Int32)" line-rate="1" branch-rate="0.75" complexity="4">
              <lines>
                <line number="328" hits="3432" branch="False" />
                <line number="329" hits="3432" branch="True" condition-coverage="50% (1/2)">
                  <conditions>
                    <condition number="14" type="jump" coverage="50%" />
                  </conditions>
                </line>
                <line number="330" hits="3432" branch="True" condition-coverage="100% (2/2)">
                  <conditions>
                    <condition number="33" type="jump" coverage="100%" />
                  </conditions>
                </line>
                <line number="331" hits="3432" branch="False" />
              </lines>
            </method>
            <method name="IsValidNameStart" signature="(System.Byte[],System.Int32)" line-rate="1" branch-rate="0.5" complexity="6">
              <lines>
                <line number="334" hits="358528" branch="False" />
                <line number="335" hits="358528" branch="True" condition-coverage="50% (3/6)">
                  <conditions>
                    <condition number="7" type="jump" coverage="50%" />
                    <condition number="15" type="jump" coverage="50%" />
                    <condition number="27" type="jump" coverage="50%" />
                  </conditions>
                </line>
                <line number="336" hits="358528" branch="False" />
                <line number="337" hits="358528" branch="False" />
                <line number="338" hits="358528" branch="False" />
                <line number="339" hits="358528" branch="False" />
              </lines>
            </method>
            <method name="ReadFileEntryFull" signature="(System.Byte[],System.Int32&amp;)" line-rate="1" branch-rate="1" complexity="1">
              <lines>
                <line number="342" hits="345016" branch="False" />
                <line number="343" hits="345016" branch="False" />
                <line number="344" hits="345016" branch="False" />
                <line number="345" hits="345016" branch="False" />
                <line number="347" hits="345016" branch="False" />
                <line number="348" hits="345016" branch="False" />
                <line number="349" hits="345016" branch="False" />
                <line number="350" hits="345016" branch="False" />
                <line number="351" hits="345016" branch="False" />
                <line number="352" hits="345016" branch="False" />
                <line number="353" hits="345016" branch="False" />
                <line number="355" hits="345016" branch="False" />
                <line number="356" hits="345016" branch="False" />
                <line number="357" hits="345016" branch="False" />
                <line number="358" hits="345016" branch="False" />
                <line number="359" hits="345016" branch="False" />
                <line number="360" hits="345016" branch="False" />
                <line number="361" hits="345016" branch="False" />
                <line number="362" hits="345016" branch="False" />
                <line number="363" hits="345016" branch="False" />
              </lines>
            </method>
            <method name="ReadFileEntryShort" signature="(System.Byte[],System.Int32&amp;)" line-rate="1" branch-rate="1" complexity="1">
              <lines>
                <line number="366" hits="7952" branch="False" />
                <line number="367" hits="7952" branch="False" />
                <line number="368" hits="7952" branch="False" />
                <line number="369" hits="7952" branch="False" />
                <line number="371" hits="7952" branch="False" />
                <line number="372" hits="7952" branch="False" />
                <line number="373" hits="7952" branch="False" />
                <line number="374" hits="7952" branch="False" />
                <line number="375" hits="7952" branch="False" />
                <line number="377" hits="7952" branch="False" />
                <line number="378" hits="7952" branch="False" />
                <line number="379" hits="7952" branch="False" />
                <line number="380" hits="7952" branch="False" />
                <line number="381" hits="7952" branch="False" />
                <line number="382" hits="7952" branch="False" />
                <line number="383" hits="7952" branch="False" />
                <line number="384" hits="7952" branch="False" />
              </lines>
            </method>
            <method name="ReadFileEntryAttr" signature="(System.Byte[],System.Int32&amp;)" line-rate="1" branch-rate="1" complexity="1">
              <lines>
                <line number="387" hits="5384" branch="False" />
                <line number="388" hits="5384" branch="False" />
                <line number="389" hits="5384" branch="False" />
                <line number="390" hits="5384" branch="False" />
                <line number="392" hits="5384" branch="False" />
                <line number="393" hits="5384" branch="False" />
                <line number="394" hits="5384" branch="False" />
                <line number="395" hits="5384" branch="False" />
                <line number="396" hits="5384" branch="False" />
                <line number="397" hits="5384" branch="False" />
                <line number="398" hits="5384" branch="False" />
                <line number="399" hits="5384" branch="False" />
                <line number="401" hits="5384" branch="False" />
                <line number="402" hits="5384" branch="False" />
                <line number="403" hits="5384" branch="False" />
                <line number="404" hits="5384" branch="False" />
                <line number="405" hits="5384" branch="False" />
                <line number="406" hits="5384" branch="False" />
                <line number="407" hits="5384" branch="False" />
                <line number="408" hits="5384" branch="False" />
                <line number="409" hits="5384" branch="False" />
              </lines>
            </method>
            <method name="ReadFileEntryGid" signature="(System.Byte[],System.Int32&amp;)" line-rate="1" branch-rate="1" complexity="1">
              <lines>
                <line number="415" hits="72" branch="False" />
                <line number="416" hits="72" branch="False" />
                <line number="417" hits="72" branch="False" />
                <line number="418" hits="72" branch="False" />
                <line number="420" hits="72" branch="False" />
                <line number="421" hits="72" branch="False" />
                <line number="422" hits="72" branch="False" />
                <line number="423" hits="72" branch="False" />
                <line number="425" hits="72" branch="False" />
                <line number="426" hits="72" branch="False" />
                <line number="427" hits="72" branch="False" />
                <line number="428" hits="72" branch="False" />
                <line number="429" hits="72" branch="False" />
                <line number="430" hits="72" branch="False" />
                <line number="431" hits="72" branch="False" />
                <line number="432" hits="72" branch="False" />
              </lines>
            </method>
            <method name="ReadHeader" signature="(System.Byte[],System.Int32&amp;)" line-rate="0.9333" branch-rate="0.75" complexity="4">
              <lines>
                <line number="437" hits="8" branch="False" />
                <line number="438" hits="8" branch="False" />
                <line number="439" hits="8" branch="True" condition-coverage="50% (1/2)">
                  <conditions>
                    <condition number="40" type="jump" coverage="50%" />
                  </conditions>
                </line>
                <line number="440" hits="0" branch="False" />
                <line number="441" hits="8" branch="False" />
                <line number="442" hits="8" branch="False" />
                <line number="444" hits="8" branch="False" />
                <line number="445" hits="8" branch="False" />
                <line number="446" hits="80" branch="True" condition-coverage="100% (2/2)">
                  <conditions>
                    <condition number="120" type="jump" coverage="100%" />
                  </conditions>
                </line>
                <line number="447" hits="32" branch="False" />
                <line number="449" hits="8" branch="False" />
                <line number="450" hits="8" branch="False" />
                <line number="451" hits="8" branch="False" />
                <line number="453" hits="8" branch="False" />
                <line number="454" hits="8" branch="False" />
              </lines>
            </method>
            <method name="FindAllDiskHeaders" signature="(System.Byte[])" line-rate="1" branch-rate="0.95" complexity="20">
              <lines>
                <line number="457" hits="8" branch="False" />
                <line number="458" hits="8" branch="False" />
                <line number="459" hits="8" branch="False" />
                <line number="461" hits="26926096" branch="True" condition-coverage="100% (2/2)">
                  <conditions>
                    <condition number="354" type="jump" coverage="100%" />
                  </conditions>
                </line>
                <line number="462" hits="13463040" branch="False" />
                <line number="463" hits="201945600" branch="True" condition-coverage="100% (2/2)">
                  <conditions>
                    <condition number="331" type="jump" coverage="100%" />
                  </conditions>
                </line>
                <line number="464" hits="80778240" branch="False" />
                <line number="465" hits="80778240" branch="True" condition-coverage="100% (2/2)">
                  <conditions>
                    <condition number="108" type="jump" coverage="100%" />
                  </conditions>
                </line>
                <line number="466" hits="161399952" branch="True" condition-coverage="100% (2/2)">
                  <conditions>
                    <condition number="134" type="jump" coverage="100%" />
                  </conditions>
                </line>
                <line number="467" hits="156528" branch="False" />
                <line number="468" hits="313024" branch="True" condition-coverage="100% (2/2)">
                  <conditions>
                    <condition number="177" type="jump" coverage="100%" />
                  </conditions>
                </line>
                <line number="470" hits="32" branch="False" />
                <line number="471" hits="544" branch="True" condition-coverage="75% (3/4)">
                  <conditions>
                    <condition number="289" type="jump" coverage="100%" />
                    <condition number="270" type="jump" coverage="50%" />
                  </conditions>
                </line>
                <line number="472" hits="272" branch="False" />
                <line number="473" hits="272" branch="True" condition-coverage="100% (6/6)">
                  <conditions>
                    <condition number="207" type="jump" coverage="100%" />
                    <condition number="214" type="jump" coverage="100%" />
                    <condition number="231" type="jump" coverage="100%" />
                  </conditions>
                </line>
                <line number="474" hits="32" branch="False" />
                <line number="475" hits="32" branch="False" />
                <line number="476" hits="32" branch="False" />
                <line number="478" hits="240" branch="False" />
                <line number="479" hits="32" branch="False" />
                <line number="480" hits="32" branch="False" />
                <line number="481" hits="13463040" branch="False" />
                <line number="482" hits="8" branch="False" />
                <line number="483" hits="8" branch="False" />
              </lines>
            </method>
            <method name="PeekUInt16" signature="(System.Byte[],System.Int32)" line-rate="1" branch-rate="1" complexity="1">
              <lines>
                <line number="488" hits="361928" branch="False" />
              </lines>
            </method>
            <method name="ReadUInt16" signature="(System.Byte[],System.Int32&amp;)" line-rate="1" branch-rate="1" complexity="1">
              <lines>
                <line number="491" hits="2134400" branch="False" />
                <line number="492" hits="2134400" branch="False" />
                <line number="493" hits="2134400" branch="False" />
                <line number="494" hits="2134400" branch="False" />
                <line number="495" hits="2134400" branch="False" />
              </lines>
            </method>
            <method name="ReadUInt32" signature="(System.Byte[],System.Int32&amp;)" line-rate="1" branch-rate="1" complexity="1">
              <lines>
                <line number="498" hits="358424" branch="False" />
                <line number="499" hits="358424" branch="False" />
                <line number="500" hits="358424" branch="False" />
                <line number="501" hits="358424" branch="False" />
                <line number="502" hits="358424" branch="False" />
              </lines>
            </method>
            <method name="ReadUInt32At" signature="(System.Byte[],System.Int32)" line-rate="1" branch-rate="1" complexity="1">
              <lines>
                <line number="505" hits="370000" branch="False" />
              </lines>
            </method>
            <method name="DosDateTimeToDateTime" signature="(System.UInt16,System.UInt16)" line-rate="0.9285" branch-rate="1" complexity="18">
              <lines>
                <line number="508" hits="708824" branch="False" />
                <line number="509" hits="708832" branch="True" condition-coverage="100% (4/4)">
                  <conditions>
                    <condition number="2" type="jump" coverage="100%" />
                    <condition number="13" type="jump" coverage="100%" />
                  </conditions>
                </line>
                <line number="511" hits="708816" branch="False" />
                <line number="512" hits="708816" branch="False" />
                <line number="513" hits="708816" branch="False" />
                <line number="514" hits="708816" branch="False" />
                <line number="515" hits="708816" branch="False" />
                <line number="516" hits="708816" branch="False" />
                <line number="517" hits="708816" branch="False" />
                <line number="518" hits="708832" branch="True" condition-coverage="100% (8/8)">
                  <conditions>
                    <condition number="82" type="jump" coverage="100%" />
                    <condition number="88" type="jump" coverage="100%" />
                    <condition number="93" type="jump" coverage="100%" />
                    <condition number="108" type="jump" coverage="100%" />
                  </conditions>
                </line>
                <line number="519" hits="708808" branch="True" condition-coverage="100% (6/6)">
                  <conditions>
                    <condition number="126" type="jump" coverage="100%" />
                    <condition number="132" type="jump" coverage="100%" />
                    <condition number="147" type="jump" coverage="100%" />
                  </conditions>
                </line>
                <line number="520" hits="708792" branch="False" />
                <line number="522" hits="0" branch="False" />
                <line number="523" hits="708824" branch="False" />
              </lines>
            </method>
            <method name=".cctor" signature="()" line-rate="1" branch-rate="1" complexity="1">
              <lines>
                <line number="31" hits="1" branch="False" />
                <line number="32" hits="1" branch="False" />
                <line number="33" hits="1" branch="False" />
                <line number="34" hits="1" branch="False" />
                <line number="35" hits="1" branch="False" />
                <line number="36" hits="1" branch="False" />
              </lines>
            </method>
          </methods>
          <lines>
            <line number="41" hits="8" branch="False" />
            <line number="42" hits="8" branch="False" />
            <line number="43" hits="8" branch="False" />
            <line number="45" hits="8" branch="False" />
            <line number="46" hits="8" branch="False" />
            <line number="48" hits="8" branch="False" />
            <line number="49" hits="8" branch="False" />
            <line number="50" hits="8" branch="False" />
            <line number="51" hits="8" branch="False" />
            <line number="52" hits="8" branch="False" />
            <line number="53" hits="8" branch="False" />
            <line number="55" hits="8" branch="False" />
            <line number="57" hits="80" branch="True" condition-coverage="100% (4/4)">
              <conditions>
                <condition number="252" type="jump" coverage="100%" />
                <condition number="232" type="jump" coverage="100%" />
              </conditions>
            </line>
            <line number="58" hits="32" branch="False" />
            <line number="59" hits="32" branch="False" />
            <line number="60" hits="32" branch="True" condition-coverage="100% (2/2)">
              <conditions>
                <condition number="116" type="jump" coverage="100%" />
              </conditions>
            </line>
            <line number="61" hits="32" branch="False" />
            <line number="62" hits="32" branch="False" />
            <line number="64" hits="32" branch="False" />
            <line number="65" hits="32" branch="False" />
            <line number="66" hits="32" branch="False" />
            <line number="67" hits="32" branch="False" />
            <line number="68" hits="32" branch="False" />
            <line number="69" hits="32" branch="False" />
            <line number="71" hits="32" branch="False" />
            <line number="72" hits="32" branch="False" />
            <line number="73" hits="32" branch="False" />
            <line number="75" hits="369976" branch="False" />
            <line number="76" hits="369976" branch="False" />
            <line number="78" hits="8" branch="False" />
            <line number="79" hits="8" branch="False" />
            <line number="82" hits="32" branch="False" />
            <line number="85" hits="32" branch="False" />
            <line number="86" hits="32" branch="True" condition-coverage="50% (1/2)">
              <conditions>
                <condition number="12" type="jump" coverage="50%" />
              </conditions>
            </line>
            <line number="88" hits="32" branch="False" />
            <line number="89" hits="32" branch="True" condition-coverage="50% (1/2)">
              <conditions>
                <condition number="30" type="jump" coverage="50%" />
              </conditions>
            </line>
            <line number="90" hits="32" branch="False" />
            <line number="91" hits="32" branch="False" />
            <line number="93" hits="32" branch="False" />
            <line number="94" hits="32" branch="False" />
            <line number="99" hits="32" branch="False" />
            <line number="100" hits="32" branch="False" />
            <line number="101" hits="32" branch="False" />
            <line number="102" hits="32" branch="True" condition-coverage="50% (1/2)">
              <conditions>
                <condition number="22" type="jump" coverage="50%" />
              </conditions>
            </line>
            <line number="103" hits="0" branch="False" />
            <line number="105" hits="358472" branch="True" condition-coverage="100% (2/2)">
              <conditions>
                <condition number="289" type="jump" coverage="100%" />
              </conditions>
            </line>
            <line number="106" hits="358440" branch="False" />
            <line number="107" hits="358440" branch="False" />
            <line number="108" hits="358440" branch="True" condition-coverage="100% (6/6)">
              <conditions>
                <condition number="50" type="jump" coverage="100%" />
                <condition number="56" type="jump" coverage="100%" />
                <condition number="72" type="jump" coverage="100%" />
              </conditions>
            </line>
            <line number="109" hits="345016" branch="False" />
            <line number="110" hits="345016" branch="False" />
            <line number="111" hits="345016" branch="False" />
            <line number="112" hits="345016" branch="False" />
            <line number="113" hits="13424" branch="True" condition-coverage="100% (4/4)">
              <conditions>
                <condition number="104" type="jump" coverage="100%" />
                <condition number="120" type="jump" coverage="100%" />
              </conditions>
            </line>
            <line number="114" hits="7952" branch="False" />
            <line number="115" hits="7952" branch="False" />
            <line number="116" hits="7952" branch="False" />
            <line number="117" hits="7952" branch="False" />
            <line number="118" hits="5472" branch="True" condition-coverage="100% (4/4)">
              <conditions>
                <condition number="152" type="jump" coverage="100%" />
                <condition number="168" type="jump" coverage="100%" />
              </conditions>
            </line>
            <line number="119" hits="5384" branch="False" />
            <line number="120" hits="5384" branch="False" />
            <line number="121" hits="5384" branch="False" />
            <line number="122" hits="5384" branch="False" />
            <line number="123" hits="88" branch="True" condition-coverage="100% (4/4)">
              <conditions>
                <condition number="197" type="jump" coverage="100%" />
                <condition number="213" type="jump" coverage="100%" />
              </conditions>
            </line>
            <line number="124" hits="72" branch="False" />
            <line number="125" hits="72" branch="False" />
            <line number="126" hits="72" branch="False" />
            <line number="127" hits="72" branch="False" />
            <line number="129" hits="16" branch="False" />
            <line number="130" hits="16" branch="False" />
            <line number="131" hits="16" branch="True" condition-coverage="75% (3/4)">
              <conditions>
                <condition number="254" type="jump" coverage="50%" />
                <condition number="268" type="jump" coverage="100%" />
              </conditions>
            </line>
            <line number="132" hits="16" branch="False" />
            <line number="134" hits="0" branch="False" />
            <line number="135" hits="16" branch="False" />
            <line number="136" hits="358440" branch="False" />
            <line number="138" hits="32" branch="False" />
            <line number="139" hits="32" branch="False" />
            <line number="144" hits="32" branch="False" />
            <line number="145" hits="32" branch="False" />
            <line number="146" hits="32" branch="False" />
            <line number="148" hits="20472" branch="True" condition-coverage="100% (2/2)">
              <conditions>
                <condition number="57" type="jump" coverage="100%" />
              </conditions>
            </line>
            <line number="149" hits="20440" branch="False" />
            <line number="150" hits="20440" branch="True" condition-coverage="100% (2/2)">
              <conditions>
                <condition number="27" type="jump" coverage="100%" />
              </conditions>
            </line>
            <line number="151" hits="11512" branch="False" />
            <line number="152" hits="11512" branch="False" />
            <line number="153" hits="11512" branch="False" />
            <line number="154" hits="11512" branch="False" />
            <line number="156" hits="8928" branch="False" />
            <line number="157" hits="8928" branch="False" />
            <line number="159" hits="32" branch="False" />
            <line number="160" hits="32" branch="False" />
            <line number="169" hits="12734648" branch="False" />
            <line number="170" hits="12734648" branch="False" />
            <line number="171" hits="12734648" branch="False" />
            <line number="173" hits="12734648" branch="True" condition-coverage="50% (1/2)">
              <conditions>
                <condition number="19" type="jump" coverage="50%" />
              </conditions>
            </line>
            <line number="174" hits="25445192" branch="True" condition-coverage="100% (6/6)">
              <conditions>
                <condition number="33" type="jump" coverage="100%" />
                <condition number="40" type="jump" coverage="100%" />
                <condition number="57" type="jump" coverage="100%" />
              </conditions>
            </line>
            <line number="175" hits="36592" branch="True" condition-coverage="100% (2/2)">
              <conditions>
                <condition number="91" type="jump" coverage="100%" />
              </conditions>
            </line>
            <line number="177" hits="11616" branch="False" />
            <line number="178" hits="11616" branch="True" condition-coverage="50% (2/4)">
              <conditions>
                <condition number="109" type="jump" coverage="50%" />
                <condition number="123" type="jump" coverage="50%" />
              </conditions>
            </line>
            <line number="180" hits="11616" branch="False" />
            <line number="181" hits="11656" branch="True" condition-coverage="75% (3/4)">
              <conditions>
                <condition number="149" type="jump" coverage="50%" />
                <condition number="166" type="jump" coverage="100%" />
              </conditions>
            </line>
            <line number="183" hits="11576" branch="False" />
            <line number="184" hits="11576" branch="True" condition-coverage="50% (1/2)">
              <conditions>
                <condition number="194" type="jump" coverage="50%" />
              </conditions>
            </line>
            <line number="187" hits="432048" branch="True" condition-coverage="100% (2/2)">
              <conditions>
                <condition number="242" type="jump" coverage="100%" />
              </conditions>
            </line>
            <line number="188" hits="204448" branch="True" condition-coverage="50% (1/2)">
              <conditions>
                <condition number="220" type="jump" coverage="50%" />
              </conditions>
            </line>
            <line number="190" hits="11576" branch="False" />
            <line number="191" hits="11576" branch="False" />
            <line number="192" hits="11576" branch="False" />
            <line number="194" hits="11576" branch="True" condition-coverage="50% (1/2)">
              <conditions>
                <condition number="284" type="jump" coverage="50%" />
              </conditions>
            </line>
            <line number="195" hits="11576" branch="False" />
            <line number="196" hits="11576" branch="False" />
            <line number="197" hits="12734648" branch="False" />
            <line number="206" hits="32" branch="False" />
            <line number="207" hits="25428352" branch="True" condition-coverage="50% (1/2)">
              <conditions>
                <condition number="62" type="jump" coverage="50%" />
              </conditions>
            </line>
            <line number="208" hits="12714176" branch="False" />
            <line number="209" hits="12714176" branch="True" condition-coverage="100% (6/6)">
              <conditions>
                <condition number="17" type="jump" coverage="100%" />
                <condition number="21" type="jump" coverage="100%" />
                <condition number="39" type="jump" coverage="100%" />
              </conditions>
            </line>
            <line number="210" hits="12714176" branch="False" />
            <line number="211" hits="12714176" branch="False" />
            <line number="212" hits="32" branch="False" />
            <line number="213" hits="32" branch="False" />
            <line number="215" hits="12714144" branch="False" />
            <line number="216" hits="0" branch="False" />
            <line number="217" hits="32" branch="False" />
            <line number="228" hits="32" branch="False" />
            <line number="230" hits="11544" branch="False" />
            <line number="231" hits="32" branch="False" />
            <line number="232" hits="32" branch="False" />
            <line number="234" hits="32" branch="False" />
            <line number="235" hits="1360" branch="True" condition-coverage="100% (2/2)">
              <conditions>
                <condition number="133" type="jump" coverage="100%" />
              </conditions>
            </line>
            <line number="236" hits="648" branch="False" />
            <line number="237" hits="648" branch="False" />
            <line number="238" hits="648" branch="False" />
            <line number="239" hits="648" branch="False" />
            <line number="240" hits="648" branch="False" />
            <line number="243" hits="32" branch="False" />
            <line number="245" hits="23120" branch="True" condition-coverage="100% (2/2)">
              <conditions>
                <condition number="495" type="jump" coverage="100%" />
              </conditions>
            </line>
            <line number="246" hits="11512" branch="False" />
            <line number="247" hits="11512" branch="False" />
            <line number="249" hits="22968" branch="True" condition-coverage="100% (4/4)">
              <conditions>
                <condition number="242" type="jump" coverage="100%" />
                <condition number="210" type="jump" coverage="100%" />
              </conditions>
            </line>
            <line number="250" hits="11456" branch="False" />
            <line number="252" hits="11512" branch="True" condition-coverage="100% (2/2)">
              <conditions>
                <condition number="257" type="jump" coverage="100%" />
              </conditions>
            </line>
            <line number="253" hits="11416" branch="False" />
            <line number="254" hits="11416" branch="False" />
            <line number="255" hits="11416" branch="False" />
            <line number="256" hits="11416" branch="False" />
            <line number="258" hits="96" branch="False" />
            <line number="259" hits="96" branch="False" />
            <line number="260" hits="96" branch="False" />
            <line number="261" hits="96" branch="False" />
            <line number="263" hits="11512" branch="False" />
            <line number="264" hits="738576" branch="True" condition-coverage="100% (2/2)">
              <conditions>
                <condition number="464" type="jump" coverage="100%" />
              </conditions>
            </line>
            <line number="265" hits="357776" branch="False" />
            <line number="266" hits="357776" branch="False" />
            <line number="267" hits="357776" branch="False" />
            <line number="268" hits="357776" branch="False" />
            <line number="269" hits="357776" branch="False" />
            <line number="271" hits="11512" branch="False" />
            <line number="272" hits="11512" branch="False" />
            <line number="273" hits="32" branch="False" />
            <line number="278" hits="32" branch="False" />
            <line number="279" hits="32" branch="False" />
            <line number="280" hits="4544" branch="True" condition-coverage="50% (1/2)">
              <conditions>
                <condition number="101" type="jump" coverage="50%" />
              </conditions>
            </line>
            <line number="281" hits="2272" branch="False" />
            <line number="282" hits="4512" branch="True" condition-coverage="100% (2/2)">
              <conditions>
                <condition number="34" type="jump" coverage="100%" />
              </conditions>
            </line>
            <line number="284" hits="32" branch="False" />
            <line number="285" hits="32" branch="True" condition-coverage="75% (3/4)">
              <conditions>
                <condition number="48" type="jump" coverage="50%" />
                <condition number="66" type="jump" coverage="100%" />
              </conditions>
            </line>
            <line number="286" hits="32" branch="True" condition-coverage="50% (1/2)">
              <conditions>
                <condition number="81" type="jump" coverage="50%" />
              </conditions>
            </line>
            <line number="287" hits="32" branch="False" />
            <line number="288" hits="0" branch="False" />
            <line number="289" hits="0" branch="False" />
            <line number="290" hits="32" branch="False" />
            <line number="293" hits="16" branch="False" />
            <line number="294" hits="16" branch="False" />
            <line number="295" hits="2208" branch="True" condition-coverage="50% (1/2)">
              <conditions>
                <condition number="87" type="jump" coverage="50%" />
              </conditions>
            </line>
            <line number="296" hits="1104" branch="False" />
            <line number="297" hits="1104" branch="True" condition-coverage="100% (2/2)">
              <conditions>
                <condition number="31" type="jump" coverage="100%" />
              </conditions>
            </line>
            <line number="298" hits="24" branch="False" />
            <line number="299" hits="24" branch="False" />
            <line number="300" hits="24" branch="True" condition-coverage="66.66% (4/6)">
              <conditions>
                <condition number="44" type="jump" coverage="50%" />
                <condition number="50" type="jump" coverage="50%" />
                <condition number="66" type="jump" coverage="100%" />
              </conditions>
            </line>
            <line number="301" hits="16" branch="False" />
            <line number="302" hits="8" branch="False" />
            <line number="303" hits="1088" branch="False" />
            <line number="304" hits="0" branch="False" />
            <line number="305" hits="16" branch="False" />
            <line number="308" hits="56" branch="False" />
            <line number="309" hits="56" branch="True" condition-coverage="50% (1/2)">
              <conditions>
                <condition number="14" type="jump" coverage="50%" />
              </conditions>
            </line>
            <line number="310" hits="56" branch="False" />
            <line number="311" hits="56" branch="False" />
            <line number="312" hits="56" branch="False" />
            <line number="313" hits="56" branch="True" condition-coverage="50% (1/2)">
              <conditions>
                <condition number="50" type="jump" coverage="50%" />
              </conditions>
            </line>
            <line number="314" hits="56" branch="False" />
            <line number="315" hits="56" branch="False" />
            <line number="317" hits="3488" branch="True" condition-coverage="83.33% (10/12)">
              <conditions>
                <condition number="7" type="jump" coverage="100%" />
                <condition number="12" type="jump" coverage="100%" />
                <condition number="26" type="jump" coverage="50%" />
                <condition number="33" type="jump" coverage="100%" />
                <condition number="19" type="jump" coverage="100%" />
                <condition number="40" type="jump" coverage="50%" />
              </conditions>
            </line>
            <line number="318" hits="3488" branch="False" />
            <line number="319" hits="128" branch="False" />
            <line number="320" hits="0" branch="False" />
            <line number="321" hits="0" branch="False" />
            <line number="322" hits="24" branch="False" />
            <line number="323" hits="8" branch="False" />
            <line number="324" hits="3328" branch="False" />
            <line number="325" hits="3488" branch="False" />
            <line number="328" hits="3432" branch="False" />
            <line number="329" hits="3432" branch="True" condition-coverage="50% (1/2)">
              <conditions>
                <condition number="14" type="jump" coverage="50%" />
              </conditions>
            </line>
            <line number="330" hits="3432" branch="True" condition-coverage="100% (2/2)">
              <conditions>
                <condition number="33" type="jump" coverage="100%" />
              </conditions>
            </line>
            <line number="331" hits="3432" branch="False" />
            <line number="334" hits="358528" branch="False" />
            <line number="335" hits="358528" branch="True" condition-coverage="50% (3/6)">
              <conditions>
                <condition number="7" type="jump" coverage="50%" />
                <condition number="15" type="jump" coverage="50%" />
                <condition number="27" type="jump" coverage="50%" />
              </conditions>
            </line>
            <line number="336" hits="358528" branch="False" />
            <line number="337" hits="358528" branch="False" />
            <line number="338" hits="358528" branch="False" />
            <line number="339" hits="358528" branch="False" />
            <line number="342" hits="345016" branch="False" />
            <line number="343" hits="345016" branch="False" />
            <line number="344" hits="345016" branch="False" />
            <line number="345" hits="345016" branch="False" />
            <line number="347" hits="345016" branch="False" />
            <line number="348" hits="345016" branch="False" />
            <line number="349" hits="345016" branch="False" />
            <line number="350" hits="345016" branch="False" />
            <line number="351" hits="345016" branch="False" />
            <line number="352" hits="345016" branch="False" />
            <line number="353" hits="345016" branch="False" />
            <line number="355" hits="345016" branch="False" />
            <line number="356" hits="345016" branch="False" />
            <line number="357" hits="345016" branch="False" />
            <line number="358" hits="345016" branch="False" />
            <line number="359" hits="345016" branch="False" />
            <line number="360" hits="345016" branch="False" />
            <line number="361" hits="345016" branch="False" />
            <line number="362" hits="345016" branch="False" />
            <line number="363" hits="345016" branch="False" />
            <line number="366" hits="7952" branch="False" />
            <line number="367" hits="7952" branch="False" />
            <line number="368" hits="7952" branch="False" />
            <line number="369" hits="7952" branch="False" />
            <line number="371" hits="7952" branch="False" />
            <line number="372" hits="7952" branch="False" />
            <line number="373" hits="7952" branch="False" />
            <line number="374" hits="7952" branch="False" />
            <line number="375" hits="7952" branch="False" />
            <line number="377" hits="7952" branch="False" />
            <line number="378" hits="7952" branch="False" />
            <line number="379" hits="7952" branch="False" />
            <line number="380" hits="7952" branch="False" />
            <line number="381" hits="7952" branch="False" />
            <line number="382" hits="7952" branch="False" />
            <line number="383" hits="7952" branch="False" />
            <line number="384" hits="7952" branch="False" />
            <line number="387" hits="5384" branch="False" />
            <line number="388" hits="5384" branch="False" />
            <line number="389" hits="5384" branch="False" />
            <line number="390" hits="5384" branch="False" />
            <line number="392" hits="5384" branch="False" />
            <line number="393" hits="5384" branch="False" />
            <line number="394" hits="5384" branch="False" />
            <line number="395" hits="5384" branch="False" />
            <line number="396" hits="5384" branch="False" />
            <line number="397" hits="5384" branch="False" />
            <line number="398" hits="5384" branch="False" />
            <line number="399" hits="5384" branch="False" />
            <line number="401" hits="5384" branch="False" />
            <line number="402" hits="5384" branch="False" />
            <line number="403" hits="5384" branch="False" />
            <line number="404" hits="5384" branch="False" />
            <line number="405" hits="5384" branch="False" />
            <line number="406" hits="5384" branch="False" />
            <line number="407" hits="5384" branch="False" />
            <line number="408" hits="5384" branch="False" />
            <line number="409" hits="5384" branch="False" />
            <line number="415" hits="72" branch="False" />
            <line number="416" hits="72" branch="False" />
            <line number="417" hits="72" branch="False" />
            <line number="418" hits="72" branch="False" />
            <line number="420" hits="72" branch="False" />
            <line number="421" hits="72" branch="False" />
            <line number="422" hits="72" branch="False" />
            <line number="423" hits="72" branch="False" />
            <line number="425" hits="72" branch="False" />
            <line number="426" hits="72" branch="False" />
            <line number="427" hits="72" branch="False" />
            <line number="428" hits="72" branch="False" />
            <line number="429" hits="72" branch="False" />
            <line number="430" hits="72" branch="False" />
            <line number="431" hits="72" branch="False" />
            <line number="432" hits="72" branch="False" />
            <line number="437" hits="8" branch="False" />
            <line number="438" hits="8" branch="False" />
            <line number="439" hits="8" branch="True" condition-coverage="50% (1/2)">
              <conditions>
                <condition number="40" type="jump" coverage="50%" />
              </conditions>
            </line>
            <line number="440" hits="0" branch="False" />
            <line number="441" hits="8" branch="False" />
            <line number="442" hits="8" branch="False" />
            <line number="444" hits="8" branch="False" />
            <line number="445" hits="8" branch="False" />
            <line number="446" hits="80" branch="True" condition-coverage="100% (2/2)">
              <conditions>
                <condition number="120" type="jump" coverage="100%" />
              </conditions>
            </line>
            <line number="447" hits="32" branch="False" />
            <line number="449" hits="8" branch="False" />
            <line number="450" hits="8" branch="False" />
            <line number="451" hits="8" branch="False" />
            <line number="453" hits="8" branch="False" />
            <line number="454" hits="8" branch="False" />
            <line number="457" hits="8" branch="False" />
            <line number="458" hits="8" branch="False" />
            <line number="459" hits="8" branch="False" />
            <line number="461" hits="26926096" branch="True" condition-coverage="100% (2/2)">
              <conditions>
                <condition number="354" type="jump" coverage="100%" />
              </conditions>
            </line>
            <line number="462" hits="13463040" branch="False" />
            <line number="463" hits="201945600" branch="True" condition-coverage="100% (2/2)">
              <conditions>
                <condition number="331" type="jump" coverage="100%" />
              </conditions>
            </line>
            <line number="464" hits="80778240" branch="False" />
            <line number="465" hits="80778240" branch="True" condition-coverage="100% (2/2)">
              <conditions>
                <condition number="108" type="jump" coverage="100%" />
              </conditions>
            </line>
            <line number="466" hits="161399952" branch="True" condition-coverage="100% (2/2)">
              <conditions>
                <condition number="134" type="jump" coverage="100%" />
              </conditions>
            </line>
            <line number="467" hits="156528" branch="False" />
            <line number="468" hits="313024" branch="True" condition-coverage="100% (2/2)">
              <conditions>
                <condition number="177" type="jump" coverage="100%" />
              </conditions>
            </line>
            <line number="470" hits="32" branch="False" />
            <line number="471" hits="544" branch="True" condition-coverage="75% (3/4)">
              <conditions>
                <condition number="289" type="jump" coverage="100%" />
                <condition number="270" type="jump" coverage="50%" />
              </conditions>
            </line>
            <line number="472" hits="272" branch="False" />
            <line number="473" hits="272" branch="True" condition-coverage="100% (6/6)">
              <conditions>
                <condition number="207" type="jump" coverage="100%" />
                <condition number="214" type="jump" coverage="100%" />
                <condition number="231" type="jump" coverage="100%" />
              </conditions>
            </line>
            <line number="474" hits="32" branch="False" />
            <line number="475" hits="32" branch="False" />
            <line number="476" hits="32" branch="False" />
            <line number="478" hits="240" branch="False" />
            <line number="479" hits="32" branch="False" />
            <line number="480" hits="32" branch="False" />
            <line number="481" hits="13463040" branch="False" />
            <line number="482" hits="8" branch="False" />
            <line number="483" hits="8" branch="False" />
            <line number="488" hits="361928" branch="False" />
            <line number="491" hits="2134400" branch="False" />
            <line number="492" hits="2134400" branch="False" />
            <line number="493" hits="2134400" branch="False" />
            <line number="494" hits="2134400" branch="False" />
            <line number="495" hits="2134400" branch="False" />
            <line number="498" hits="358424" branch="False" />
            <line number="499" hits="358424" branch="False" />
            <line number="500" hits="358424" branch="False" />
            <line number="501" hits="358424" branch="False" />
            <line number="502" hits="358424" branch="False" />
            <line number="505" hits="370000" branch="False" />
            <line number="508" hits="708824" branch="False" />
            <line number="509" hits="708832" branch="True" condition-coverage="100% (4/4)">
              <conditions>
                <condition number="2" type="jump" coverage="100%" />
                <condition number="13" type="jump" coverage="100%" />
              </conditions>
            </line>
            <line number="511" hits="708816" branch="False" />
            <line number="512" hits="708816" branch="False" />
            <line number="513" hits="708816" branch="False" />
            <line number="514" hits="708816" branch="False" />
            <line number="515" hits="708816" branch="False" />
            <line number="516" hits="708816" branch="False" />
            <line number="517" hits="708816" branch="False" />
            <line number="518" hits="708832" branch="True" condition-coverage="100% (8/8)">
              <conditions>
                <condition number="82" type="jump" coverage="100%" />
                <condition number="88" type="jump" coverage="100%" />
                <condition number="93" type="jump" coverage="100%" />
                <condition number="108" type="jump" coverage="100%" />
              </conditions>
            </line>
            <line number="519" hits="708808" branch="True" condition-coverage="100% (6/6)">
              <conditions>
                <condition number="126" type="jump" coverage="100%" />
                <condition number="132" type="jump" coverage="100%" />
                <condition number="147" type="jump" coverage="100%" />
              </conditions>
            </line>
            <line number="520" hits="708792" branch="False" />
            <line number="522" hits="0" branch="False" />
            <line number="523" hits="708824" branch="False" />
            <line number="31" hits="1" branch="False" />
            <line number="32" hits="1" branch="False" />
            <line number="33" hits="1" branch="False" />
            <line number="34" hits="1" branch="False" />
            <line number="35" hits="1" branch="False" />
            <line number="36" hits="1" branch="False" />
          </lines>
        </class>
        <class name="Woistes.CtfParser.CtfFileParser/CatalogueHeader" filename="Woistes.CtfParser\CtfFileParser.cs" line-rate="1" branch-rate="1" complexity="1">
          <methods>
            <method name="get_Name" signature="()" line-rate="1" branch-rate="1" complexity="1">
              <lines>
                <line number="535" hits="56" branch="False" />
              </lines>
            </method>
          </methods>
          <lines>
            <line number="535" hits="56" branch="False" />
          </lines>
        </class>
        <class name="Woistes.CtfParser.CtfFileParser/DiskHeaderInfo" filename="Woistes.CtfParser\CtfFileParser.cs" line-rate="1" branch-rate="1" complexity="1">
          <methods>
            <method name="get_Offset" signature="()" line-rate="1" branch-rate="1" complexity="1">
              <lines>
                <line number="536" hits="152" branch="False" />
              </lines>
            </method>
          </methods>
          <lines>
            <line number="536" hits="152" branch="False" />
          </lines>
        </class>
        <class name="Woistes.CtfParser.CtfFileParser/DirRecord" filename="Woistes.CtfParser\CtfFileParser.cs" line-rate="1" branch-rate="1" complexity="1">
          <methods>
            <method name="get_Name" signature="()" line-rate="1" branch-rate="1" complexity="1">
              <lines>
                <line number="537" hits="92008" branch="False" />
              </lines>
            </method>
          </methods>
          <lines>
            <line number="537" hits="92008" branch="False" />
          </lines>
        </class>
        <class name="Woistes.CtfParser.CtfFileParser/&lt;Flatten&gt;d__32" filename="Woistes.CtfParser\CtfFileParser.cs" line-rate="1" branch-rate="1" complexity="4">
          <methods>
            <method name="MoveNext" signature="()" line-rate="1" branch-rate="1" complexity="4">
              <lines>
                <line number="526" hits="739936" branch="False" />
                <line number="527" hits="3699552" branch="True" condition-coverage="100% (2/2)">
                  <conditions>
                    <condition number="273" type="jump" coverage="100%" />
                  </conditions>
                </line>
                <line number="528" hits="739872" branch="False" />
                <line number="529" hits="739872" branch="False" />
                <line number="530" hits="10384736" branch="True" condition-coverage="100% (2/2)">
                  <conditions>
                    <condition number="238" type="jump" coverage="100%" />
                  </conditions>
                </line>
                <line number="531" hits="4082560" branch="False" />
                <line number="532" hits="739872" branch="False" />
                <line number="533" hits="739936" branch="False" />
              </lines>
            </method>
          </methods>
          <lines>
            <line number="526" hits="739936" branch="False" />
            <line number="527" hits="3699552" branch="True" condition-coverage="100% (2/2)">
              <conditions>
                <condition number="273" type="jump" coverage="100%" />
              </conditions>
            </line>
            <line number="528" hits="739872" branch="False" />
            <line number="529" hits="739872" branch="False" />
            <line number="530" hits="10384736" branch="True" condition-coverage="100% (2/2)">
              <conditions>
                <condition number="238" type="jump" coverage="100%" />
              </conditions>
            </line>
            <line number="531" hits="4082560" branch="False" />
            <line number="532" hits="739872" branch="False" />
            <line number="533" hits="739936" branch="False" />
          </lines>
        </class>
      </classes>
    </package>
    <package name="Woistes.Domain" line-rate="0.8571" branch-rate="1" complexity="28">
      <classes>
        <class name="Woistes.Domain.Catalogue" filename="Woistes.Domain\Catalogue.cs" line-rate="1" branch-rate="1" complexity="7">
          <methods>
            <method name="get_Id" signature="()" line-rate="1" branch-rate="1" complexity="1">
              <lines>
                <line number="5" hits="23" branch="False" />
              </lines>
            </method>
            <method name="get_Name" signature="()" line-rate="1" branch-rate="1" complexity="1">
              <lines>
                <line number="6" hits="41" branch="False" />
              </lines>
            </method>
            <method name="get_SourceFileName" signature="()" line-rate="1" branch-rate="1" complexity="1">
              <lines>
                <line number="7" hits="41" branch="False" />
              </lines>
            </method>
            <method name="get_ImportedDate" signature="()" line-rate="1" branch-rate="1" complexity="1">
              <lines>
[...]
                <line number="96" hits="0" branch="False" />
                <line number="97" hits="0" branch="False" />
                <line number="98" hits="0" branch="False" />
                <line number="99" hits="0" branch="False" />
                <line number="100" hits="0" branch="False" />
                <line number="101" hits="0" branch="False" />
                <line number="102" hits="0" branch="False" />
                <line number="103" hits="0" branch="False" />
                <line number="104" hits="0" branch="False" />
                <line number="106" hits="0" branch="False" />
                <line number="107" hits="0" branch="False" />
                <line number="108" hits="0" branch="False" />
                <line number="109" hits="0" branch="False" />
                <line number="110" hits="0" branch="False" />
                <line number="111" hits="0" branch="False" />
                <line number="112" hits="0" branch="False" />
                <line number="113" hits="0" branch="False" />
                <line number="114" hits="0" branch="False" />
                <line number="115" hits="0" branch="False" />
                <line number="116" hits="0" branch="False" />
                <line number="117" hits="0" branch="False" />
                <line number="118" hits="0" branch="False" />
                <line number="119" hits="0" branch="False" />
                <line number="120" hits="0" branch="False" />
                <line number="121" hits="0" branch="False" />
                <line number="122" hits="0" branch="False" />
                <line number="123" hits="0" branch="False" />
                <line number="124" hits="0" branch="False" />
                <line number="125" hits="0" branch="False" />
                <line number="126" hits="0" branch="False" />
                <line number="127" hits="0" branch="False" />
                <line number="128" hits="0" branch="False" />
                <line number="129" hits="0" branch="False" />
                <line number="130" hits="0" branch="False" />
                <line number="131" hits="0" branch="False" />
                <line number="132" hits="0" branch="False" />
                <line number="133" hits="0" branch="False" />
                <line number="134" hits="0" branch="False" />
                <line number="135" hits="0" branch="False" />
                <line number="136" hits="0" branch="False" />
                <line number="137" hits="0" branch="False" />
                <line number="138" hits="0" branch="False" />
                <line number="139" hits="0" branch="False" />
                <line number="140" hits="0" branch="False" />
                <line number="141" hits="0" branch="False" />
                <line number="142" hits="0" branch="False" />
                <line number="143" hits="0" branch="False" />
                <line number="144" hits="0" branch="False" />
                <line number="145" hits="0" branch="False" />
                <line number="146" hits="0" branch="False" />
                <line number="147" hits="0" branch="False" />
                <line number="149" hits="0" branch="False" />
                <line number="150" hits="0" branch="False" />
                <line number="151" hits="0" branch="False" />
                <line number="152" hits="0" branch="False" />
                <line number="153" hits="0" branch="False" />
                <line number="154" hits="0" branch="False" />
                <line number="155" hits="0" branch="False" />
                <line number="156" hits="0" branch="False" />
                <line number="157" hits="0" branch="False" />
                <line number="158" hits="0" branch="False" />
                <line number="159" hits="0" branch="False" />
                <line number="160" hits="0" branch="False" />
                <line number="161" hits="0" branch="False" />
                <line number="163" hits="0" branch="False" />
                <line number="164" hits="0" branch="False" />
                <line number="165" hits="0" branch="False" />
                <line number="166" hits="0" branch="False" />
                <line number="167" hits="0" branch="False" />
                <line number="168" hits="0" branch="False" />
                <line number="169" hits="0" branch="False" />
                <line number="170" hits="0" branch="False" />
                <line number="172" hits="0" branch="False" />
                <line number="173" hits="0" branch="False" />
                <line number="174" hits="0" branch="False" />
                <line number="175" hits="0" branch="False" />
                <line number="177" hits="0" branch="False" />
                <line number="178" hits="0" branch="False" />
                <line number="179" hits="0" branch="False" />
                <line number="180" hits="0" branch="False" />
                <line number="182" hits="0" branch="False" />
                <line number="183" hits="0" branch="False" />
                <line number="184" hits="0" branch="False" />
                <line number="185" hits="0" branch="False" />
                <line number="187" hits="0" branch="False" />
              </lines>
            </method>
          </methods>
          <lines>
            <line number="17" hits="0" branch="False" />
            <line number="19" hits="0" branch="False" />
            <line number="20" hits="0" branch="False" />
            <line number="21" hits="0" branch="False" />
            <line number="23" hits="0" branch="False" />
            <line number="25" hits="0" branch="False" />
            <line number="26" hits="0" branch="False" />
            <line number="27" hits="0" branch="False" />
            <line number="28" hits="0" branch="False" />
            <line number="29" hits="0" branch="False" />
            <line number="30" hits="0" branch="False" />
            <line number="31" hits="0" branch="False" />
            <line number="32" hits="0" branch="False" />
            <line number="33" hits="0" branch="False" />
            <line number="34" hits="0" branch="False" />
            <line number="35" hits="0" branch="False" />
            <line number="36" hits="0" branch="False" />
            <line number="37" hits="0" branch="False" />
            <line number="38" hits="0" branch="False" />
            <line number="39" hits="0" branch="False" />
            <line number="40" hits="0" branch="False" />
            <line number="41" hits="0" branch="False" />
            <line number="42" hits="0" branch="False" />
            <line number="43" hits="0" branch="False" />
            <line number="44" hits="0" branch="False" />
            <line number="45" hits="0" branch="False" />
            <line number="46" hits="0" branch="False" />
            <line number="47" hits="0" branch="False" />
            <line number="48" hits="0" branch="False" />
            <line number="49" hits="0" branch="False" />
            <line number="50" hits="0" branch="False" />
            <line number="51" hits="0" branch="False" />
            <line number="52" hits="0" branch="False" />
            <line number="53" hits="0" branch="False" />
            <line number="54" hits="0" branch="False" />
            <line number="55" hits="0" branch="False" />
            <line number="57" hits="0" branch="False" />
            <line number="58" hits="0" branch="False" />
            <line number="59" hits="0" branch="False" />
            <line number="60" hits="0" branch="False" />
            <line number="61" hits="0" branch="False" />
            <line number="62" hits="0" branch="False" />
            <line number="63" hits="0" branch="False" />
            <line number="64" hits="0" branch="False" />
            <line number="65" hits="0" branch="False" />
            <line number="66" hits="0" branch="False" />
            <line number="67" hits="0" branch="False" />
            <line number="68" hits="0" branch="False" />
            <line number="69" hits="0" branch="False" />
            <line number="70" hits="0" branch="False" />
            <line number="71" hits="0" branch="False" />
            <line number="72" hits="0" branch="False" />
            <line number="73" hits="0" branch="False" />
            <line number="74" hits="0" branch="False" />
            <line number="75" hits="0" branch="False" />
            <line number="76" hits="0" branch="False" />
            <line number="77" hits="0" branch="False" />
            <line number="78" hits="0" branch="False" />
            <line number="79" hits="0" branch="False" />
            <line number="80" hits="0" branch="False" />
            <line number="81" hits="0" branch="False" />
            <line number="82" hits="0" branch="False" />
            <line number="83" hits="0" branch="False" />
            <line number="84" hits="0" branch="False" />
            <line number="85" hits="0" branch="False" />
            <line number="86" hits="0" branch="False" />
            <line number="87" hits="0" branch="False" />
            <line number="88" hits="0" branch="False" />
            <line number="89" hits="0" branch="False" />
            <line number="90" hits="0" branch="False" />
            <line number="91" hits="0" branch="False" />
            <line number="92" hits="0" branch="False" />
            <line number="93" hits="0" branch="False" />
            <line number="94" hits="0" branch="False" />
            <line number="95" hits="0" branch="False" />
            <line number="96" hits="0" branch="False" />
            <line number="97" hits="0" branch="False" />
            <line number="98" hits="0" branch="False" />
            <line number="99" hits="0" branch="False" />
            <line number="100" hits="0" branch="False" />
            <line number="101" hits="0" branch="False" />
            <line number="102" hits="0" branch="False" />
            <line number="103" hits="0" branch="False" />
            <line number="104" hits="0" branch="False" />
            <line number="106" hits="0" branch="False" />
            <line number="107" hits="0" branch="False" />
            <line number="108" hits="0" branch="False" />
            <line number="109" hits="0" branch="False" />
            <line number="110" hits="0" branch="False" />
            <line number="111" hits="0" branch="False" />
            <line number="112" hits="0" branch="False" />
            <line number="113" hits="0" branch="False" />
            <line number="114" hits="0" branch="False" />
            <line number="115" hits="0" branch="False" />
            <line number="116" hits="0" branch="False" />
            <line number="117" hits="0" branch="False" />
            <line number="118" hits="0" branch="False" />
            <line number="119" hits="0" branch="False" />
            <line number="120" hits="0" branch="False" />
            <line number="121" hits="0" branch="False" />
            <line number="122" hits="0" branch="False" />
            <line number="123" hits="0" branch="False" />
            <line number="124" hits="0" branch="False" />
            <line number="125" hits="0" branch="False" />
            <line number="126" hits="0" branch="False" />
            <line number="127" hits="0" branch="False" />
            <line number="128" hits="0" branch="False" />
            <line number="129" hits="0" branch="False" />
            <line number="130" hits="0" branch="False" />
            <line number="131" hits="0" branch="False" />
            <line number="132" hits="0" branch="False" />
            <line number="133" hits="0" branch="False" />
            <line number="134" hits="0" branch="False" />
            <line number="135" hits="0" branch="False" />
            <line number="136" hits="0" branch="False" />
            <line number="137" hits="0" branch="False" />
            <line number="138" hits="0" branch="False" />
            <line number="139" hits="0" branch="False" />
            <line number="140" hits="0" branch="False" />
            <line number="141" hits="0" branch="False" />
            <line number="142" hits="0" branch="False" />
            <line number="143" hits="0" branch="False" />
            <line number="144" hits="0" branch="False" />
            <line number="145" hits="0" branch="False" />
            <line number="146" hits="0" branch="False" />
            <line number="147" hits="0" branch="False" />
            <line number="149" hits="0" branch="False" />
            <line number="150" hits="0" branch="False" />
            <line number="151" hits="0" branch="False" />
            <line number="152" hits="0" branch="False" />
            <line number="153" hits="0" branch="False" />
            <line number="154" hits="0" branch="False" />
            <line number="155" hits="0" branch="False" />
            <line number="156" hits="0" branch="False" />
            <line number="157" hits="0" branch="False" />
            <line number="158" hits="0" branch="False" />
            <line number="159" hits="0" branch="False" />
            <line number="160" hits="0" branch="False" />
            <line number="161" hits="0" branch="False" />
            <line number="163" hits="0" branch="False" />
            <line number="164" hits="0" branch="False" />
            <line number="165" hits="0" branch="False" />
            <line number="166" hits="0" branch="False" />
            <line number="167" hits="0" branch="False" />
            <line number="168" hits="0" branch="False" />
            <line number="169" hits="0" branch="False" />
            <line number="170" hits="0" branch="False" />
            <line number="172" hits="0" branch="False" />
            <line number="173" hits="0" branch="False" />
            <line number="174" hits="0" branch="False" />
            <line number="175" hits="0" branch="False" />
            <line number="177" hits="0" branch="False" />
            <line number="178" hits="0" branch="False" />
            <line number="179" hits="0" branch="False" />
            <line number="180" hits="0" branch="False" />
            <line number="182" hits="0" branch="False" />
            <line number="183" hits="0" branch="False" />
            <line number="184" hits="0" branch="False" />
            <line number="185" hits="0" branch="False" />
            <line number="187" hits="0" branch="False" />
          </lines>
        </class>
        <class name="Woistes.Infrastructure.Configuration.CatalogueConfiguration" filename="Woistes.Infrastructure\Configuration\CatalogueConfiguration.cs" line-rate="1" branch-rate="1" complexity="1">
          <methods>
            <method name="Configure" signature="(Microsoft.EntityFrameworkCore.Metadata.Builders.EntityTypeBuilder`1&lt;Woistes.Domain.Catalogue&gt;)" line-rate="1" branch-rate="1" complexity="1">
              <lines>
                <line number="10" hits="1" branch="False" />
                <line number="11" hits="1" branch="False" />
                <line number="12" hits="1" branch="False" />
                <line number="13" hits="1" branch="False" />
                <line number="15" hits="1" branch="False" />
                <line number="16" hits="1" branch="False" />
                <line number="17" hits="1" branch="False" />
                <line number="18" hits="1" branch="False" />
                <line number="19" hits="1" branch="False" />
              </lines>
            </method>
          </methods>
          <lines>
            <line number="10" hits="1" branch="False" />
            <line number="11" hits="1" branch="False" />
            <line number="12" hits="1" branch="False" />
            <line number="13" hits="1" branch="False" />
            <line number="15" hits="1" branch="False" />
            <line number="16" hits="1" branch="False" />
            <line number="17" hits="1" branch="False" />
            <line number="18" hits="1" branch="False" />
            <line number="19" hits="1" branch="False" />
          </lines>
        </class>
        <class name="Woistes.Infrastructure.Configuration.CatalogueEntryConfiguration" filename="Woistes.Infrastructure\Configuration\CatalogueEntryConfiguration.cs" line-rate="1" branch-rate="1" complexity="1">
          <methods>
            <method name="Configure" signature="(Microsoft.EntityFrameworkCore.Metadata.Builders.EntityTypeBuilder`1&lt;Woistes.Domain.CatalogueEntry&gt;)" line-rate="1" branch-rate="1" complexity="1">
              <lines>
                <line number="10" hits="1" branch="False" />
                <line number="11" hits="1" branch="False" />
                <line number="12" hits="1" branch="False" />
                <line number="13" hits="1" branch="False" />
                <line number="15" hits="1" branch="False" />
                <line number="16" hits="1" branch="False" />
                <line number="17" hits="1" branch="False" />
                <line number="18" hits="1" branch="False" />
                <line number="20" hits="1" branch="False" />
                <line number="21" hits="1" branch="False" />
                <line number="22" hits="1" branch="False" />
                <line number="23" hits="1" branch="False" />
                <line number="24" hits="1" branch="False" />
              </lines>
            </method>
          </methods>
          <lines>
            <line number="10" hits="1" branch="False" />
            <line number="11" hits="1" branch="False" />
            <line number="12" hits="1" branch="False" />
            <line number="13" hits="1" branch="False" />
            <line number="15" hits="1" branch="False" />
            <line number="16" hits="1" branch="False" />
            <line number="17" hits="1" branch="False" />
            <line number="18" hits="1" branch="False" />
            <line number="20" hits="1" branch="False" />
            <line number="21" hits="1" branch="False" />
            <line number="22" hits="1" branch="False" />
            <line number="23" hits="1" branch="False" />
            <line number="24" hits="1" branch="False" />
          </lines>
        </class>
        <class name="Woistes.Infrastructure.Configuration.DiskConfiguration" filename="Woistes.Infrastructure\Configuration\DiskConfiguration.cs" line-rate="1" branch-rate="1" complexity="1">
          <methods>
            <method name="Configure" signature="(Microsoft.EntityFrameworkCore.Metadata.Builders.EntityTypeBuilder`1&lt;Woistes.Domain.Disk&gt;)" line-rate="1" branch-rate="1" complexity="1">
              <lines>
                <line number="10" hits="1" branch="False" />
                <line number="11" hits="1" branch="False" />
                <line number="12" hits="1" branch="False" />
                <line number="13" hits="1" branch="False" />
                <line number="15" hits="1" branch="False" />
                <line number="16" hits="1" branch="False" />
                <line number="17" hits="1" branch="False" />
                <line number="18" hits="1" branch="False" />
                <line number="19" hits="1" branch="False" />
              </lines>
            </method>
          </methods>
          <lines>
            <line number="10" hits="1" branch="False" />
            <line number="11" hits="1" branch="False" />
            <line number="12" hits="1" branch="False" />
            <line number="13" hits="1" branch="False" />
            <line number="15" hits="1" branch="False" />
            <line number="16" hits="1" branch="False" />
            <line number="17" hits="1" branch="False" />
            <line number="18" hits="1" branch="False" />
            <line number="19" hits="1" branch="False" />
          </lines>
        </class>
      </classes>
    </package>
  </packages>
</coverage>